INFO:root:Starting IoT Watchdog deployment service ...
INFO:root:Starting IoT Watchdog deployment service ...
WARNING:werkzeug: * Debugger is active!
INFO:werkzeug: * Debugger PIN: 827-593-220
INFO:root:Starting IoT Watchdog deployment service ...
INFO:werkzeug: * Running on http://127.0.0.1:5000/ (Press CTRL+C to quit)
INFO:werkzeug: * Restarting with stat
INFO:root:Starting IoT Watchdog deployment service ...
WARNING:werkzeug: * Debugger is active!
INFO:werkzeug: * Debugger PIN: 827-593-220
INFO:root:Deploy IoT Watchdog agent called ...
DEBUG:root:HOST: 192.168.1.6
DEBUG:root:USERNAME: pi
DEBUG:root:UUID: 7cff6d39-2005-4f5a-a42f-4b4ed87629fa
INFO:root:installing IoT Watchdog agent ...
DEBUG:root:CMD to install: ansible-playbook roles/deployment/tasks/main.yml -i hosts -e "ansible_user=pi ansible_ssh_pass=raspberry ansible_sudo_pass=raspberry"  --extra-vars="source_code=../../../iot-device/agent/ iot_watchdog_agent_uuid=7cff6d39-2005-4f5a-a42f-4b4ed87629fa iot_watchdog_agent_need_registration=yes service_def=../../../iot-device/service/"
INFO:root:running command ...
DEBUG:root:CMD : ansible-playbook roles/deployment/tasks/main.yml -i hosts -e "ansible_user=pi ansible_ssh_pass=raspberry ansible_sudo_pass=raspberry"  --extra-vars="source_code=../../../iot-device/agent/ iot_watchdog_agent_uuid=7cff6d39-2005-4f5a-a42f-4b4ed87629fa iot_watchdog_agent_need_registration=yes service_def=../../../iot-device/service/"
DEBUG:root:waiting command execution ...
DEBUG:root:waiting command execution ...
DEBUG:root:waiting command execution ...
DEBUG:root:waiting command execution ...
DEBUG:root:waiting command execution ...
DEBUG:root:waiting command execution ...
DEBUG:root:waiting command execution ...
DEBUG:root:waiting command execution ...
DEBUG:root:waiting command execution ...
DEBUG:root:waiting command execution ...
DEBUG:root:waiting command execution ...
DEBUG:root:waiting command execution ...
DEBUG:root:waiting command execution ...
DEBUG:root:waiting command execution ...
DEBUG:root:waiting command execution ...
DEBUG:root:waiting command execution ...
DEBUG:root:waiting command execution ...
DEBUG:root:waiting command execution ...
DEBUG:root:waiting command execution ...
DEBUG:root:waiting command execution ...
DEBUG:root:waiting command execution ...
DEBUG:root:waiting command execution ...
DEBUG:root:waiting command execution ...
DEBUG:root:waiting command execution ...
DEBUG:root:waiting command execution ...
ERROR:root:must be str, not int
INFO:werkzeug:127.0.0.1 - - [07/May/2018 15:36:49] "POST /iot-watchdog/api/v1.0/deploy/agent HTTP/1.1" 500 -
INFO:root:Starting IoT Watchdog deployment service ...
INFO:werkzeug: * Running on http://127.0.0.1:5000/ (Press CTRL+C to quit)
INFO:werkzeug: * Restarting with stat
INFO:root:Starting IoT Watchdog deployment service ...
WARNING:werkzeug: * Debugger is active!
INFO:werkzeug: * Debugger PIN: 827-593-220
INFO:root:Deploy IoT Watchdog agent called ...
DEBUG:root:HOST: 192.168.1.6
DEBUG:root:USERNAME: pi
DEBUG:root:UUID: ff2565fe-36bc-4b1a-8520-a49b1c84309e
INFO:root:installing IoT Watchdog agent ...
DEBUG:root:CMD to install: ansible-playbook roles/deployment/tasks/main.yml -i hosts -e "ansible_user=pi ansible_ssh_pass=raspberry ansible_sudo_pass=raspberry"  --extra-vars="source_code=../../../iot-device/agent/ iot_watchdog_agent_uuid=ff2565fe-36bc-4b1a-8520-a49b1c84309e iot_watchdog_agent_need_registration=yes service_def=../../../iot-device/service/"
INFO:root:running command ...
DEBUG:root:CMD : ansible-playbook roles/deployment/tasks/main.yml -i hosts -e "ansible_user=pi ansible_ssh_pass=raspberry ansible_sudo_pass=raspberry"  --extra-vars="source_code=../../../iot-device/agent/ iot_watchdog_agent_uuid=ff2565fe-36bc-4b1a-8520-a49b1c84309e iot_watchdog_agent_need_registration=yes service_def=../../../iot-device/service/"
DEBUG:root:waiting command execution ...
DEBUG:root:waiting command execution ...
DEBUG:root:waiting command execution ...
DEBUG:root:waiting command execution ...
ERROR:root:must be str, not int
INFO:werkzeug:127.0.0.1 - - [07/May/2018 15:43:04] "POST /iot-watchdog/api/v1.0/deploy/agent HTTP/1.1" 500 -
INFO:root:Starting IoT Watchdog deployment service ...
INFO:werkzeug: * Running on http://127.0.0.1:5000/ (Press CTRL+C to quit)
INFO:werkzeug: * Restarting with stat
INFO:root:Starting IoT Watchdog deployment service ...
WARNING:werkzeug: * Debugger is active!
INFO:werkzeug: * Debugger PIN: 827-593-220
INFO:root:Deploy IoT Watchdog agent called ...
DEBUG:root:HOST: 192.168.1.6
DEBUG:root:USERNAME: pi
DEBUG:root:UUID: d636fed2-c8ca-41b7-a948-f5625aeb236f
INFO:root:installing IoT Watchdog agent ...
INFO:root:running command ...
DEBUG:root:CMD : ansible-playbook roles/deployment/tasks/main.yml -i hosts -e "ansible_user=pi ansible_ssh_pass=raspberry ansible_sudo_pass=raspberry"  --extra-vars="source_code=../../../iot-device/agent/ iot_watchdog_agent_uuid=d636fed2-c8ca-41b7-a948-f5625aeb236f iot_watchdog_agent_need_registration=yes service_def=../../../iot-device/service/"
DEBUG:root:waiting command execution ...
DEBUG:root:waiting command execution ...
DEBUG:root:waiting command execution ...
INFO:root:command returned code 0
INFO:root:collecting device facts ...
DEBUG:root:Facts will be stored on tmp/d636fed2-c8ca-41b7-a948-f5625aeb236f
INFO:root:running command ...
DEBUG:root:CMD : ansible 192.168.1.6 -e "ansible_user=pi ansible_ssh_pass=raspberry ansible_sudo_pass=raspberry" -m setup --tree tmp/d636fed2-c8ca-41b7-a948-f5625aeb236f
DEBUG:root:waiting command execution ...
DEBUG:root:waiting command execution ...
INFO:root:command returned code 0
INFO:werkzeug:127.0.0.1 - - [07/May/2018 15:46:35] "POST /iot-watchdog/api/v1.0/deploy/agent HTTP/1.1" 201 -
